This is pdfTeX, Version 3.1415926-1.40.10 (TeX Live 2009/Debian) (format=pdflatex 2012.11.6)  26 MAR 2013 14:23
entering extended mode
 %&-line parsing enabled.
**main.tex
(./main.tex
LaTeX2e <2009/09/24>
Babel <v3.8l> and hyphenation patterns for english, usenglishmax, dumylang, noh
yphenation, farsi, arabic, croatian, bulgarian, ukrainian, russian, czech, slov
ak, danish, dutch, finnish, french, basque, ngerman, german, german-x-2009-06-1
9, ngerman-x-2009-06-19, ibycus, monogreek, greek, ancientgreek, hungarian, san
skrit, italian, latin, latvian, lithuanian, mongolian2a, mongolian, bokmal, nyn
orsk, romanian, irish, coptic, serbian, turkish, welsh, esperanto, uppersorbian
, estonian, indonesian, interlingua, icelandic, kurmanji, slovenian, polish, po
rtuguese, spanish, galician, catalan, swedish, ukenglish, pinyin, loaded.
(/usr/share/texmf-texlive/tex/latex/base/article.cls
Document Class: article 2007/10/19 v1.4h Standard LaTeX document class
(/usr/share/texmf-texlive/tex/latex/base/size10.clo
File: size10.clo 2007/10/19 v1.4h Standard LaTeX file (size option)
)
\c@part=\count79
\c@section=\count80
\c@subsection=\count81
\c@subsubsection=\count82
\c@paragraph=\count83
\c@subparagraph=\count84
\c@figure=\count85
\c@table=\count86
\abovecaptionskip=\skip41
\belowcaptionskip=\skip42
\bibindent=\dimen102
)
(/usr/share/texmf-texlive/tex/latex/amsfonts/amssymb.sty
Package: amssymb 2009/06/22 v3.00

(/usr/share/texmf-texlive/tex/latex/amsfonts/amsfonts.sty
Package: amsfonts 2009/06/22 v3.00 Basic AMSFonts support
\@emptytoks=\toks14
\symAMSa=\mathgroup4
\symAMSb=\mathgroup5
LaTeX Font Info:    Overwriting math alphabet `\mathfrak' in version `bold'
(Font)                  U/euf/m/n --> U/euf/b/n on input line 96.
))
(/usr/share/texmf-texlive/tex/latex/amsmath/amsmath.sty
Package: amsmath 2000/07/18 v2.13 AMS math features
\@mathmargin=\skip43

For additional information on amsmath, use the `?' option.
(/usr/share/texmf-texlive/tex/latex/amsmath/amstext.sty
Package: amstext 2000/06/29 v2.01

(/usr/share/texmf-texlive/tex/latex/amsmath/amsgen.sty
File: amsgen.sty 1999/11/30 v2.0
\@emptytoks=\toks15
\ex@=\dimen103
))
(/usr/share/texmf-texlive/tex/latex/amsmath/amsbsy.sty
Package: amsbsy 1999/11/29 v1.2d
\pmbraise@=\dimen104
)
(/usr/share/texmf-texlive/tex/latex/amsmath/amsopn.sty
Package: amsopn 1999/12/14 v2.01 operator names
)
\inf@bad=\count87
LaTeX Info: Redefining \frac on input line 211.
\uproot@=\count88
\leftroot@=\count89
LaTeX Info: Redefining \overline on input line 307.
\classnum@=\count90
\DOTSCASE@=\count91
LaTeX Info: Redefining \ldots on input line 379.
LaTeX Info: Redefining \dots on input line 382.
LaTeX Info: Redefining \cdots on input line 467.
\Mathstrutbox@=\box26
\strutbox@=\box27
\big@size=\dimen105
LaTeX Font Info:    Redeclaring font encoding OML on input line 567.
LaTeX Font Info:    Redeclaring font encoding OMS on input line 568.
\macc@depth=\count92
\c@MaxMatrixCols=\count93
\dotsspace@=\muskip10
\c@parentequation=\count94
\dspbrk@lvl=\count95
\tag@help=\toks16
\row@=\count96
\column@=\count97
\maxfields@=\count98
\andhelp@=\toks17
\eqnshift@=\dimen106
\alignsep@=\dimen107
\tagshift@=\dimen108
\tagwidth@=\dimen109
\totwidth@=\dimen110
\lineht@=\dimen111
\@envbody=\toks18
\multlinegap=\skip44
\multlinetaggap=\skip45
\mathdisplay@stack=\toks19
LaTeX Info: Redefining \[ on input line 2666.
LaTeX Info: Redefining \] on input line 2667.
)
(/usr/share/texmf-texlive/tex/generic/ifxetex/ifxetex.sty
Package: ifxetex 2009/01/23 v0.5 Provides ifxetex conditional
)
(/usr/share/texmf-texlive/tex/generic/oberdiek/ifluatex.sty
Package: ifluatex 2009/04/17 v1.2 Provides the ifluatex switch (HO)
Package ifluatex Info: LuaTeX not detected.
)
(/var/lib/texmf/tex/generic/babel/babel.sty
Package: babel 2008/07/06 v3.8l The Babel package

(/usr/share/texmf-texlive/tex/generic/babel/english.ldf
Language: english 2005/03/30 v3.3o English support from the babel system

(/usr/share/texmf-texlive/tex/generic/babel/babel.def
File: babel.def 2008/07/06 v3.8l Babel common definitions
\babel@savecnt=\count99
\U@D=\dimen112
)
\l@canadian = a dialect from \language\l@american 
\l@australian = a dialect from \language\l@british 
\l@newzealand = a dialect from \language\l@british 
))
(/usr/share/texmf-texlive/tex/latex/base/inputenc.sty
Package: inputenc 2008/03/30 v1.1d Input encoding file
\inpenc@prehook=\toks20
\inpenc@posthook=\toks21

(/usr/share/texmf-texlive/tex/latex/base/utf8.def
File: utf8.def 2008/04/05 v1.1m UTF-8 support for inputenc
Now handling font encoding OML ...
... no UTF-8 mapping file for font encoding OML
Now handling font encoding T1 ...
... processing UTF-8 mapping file for font encoding T1

(/usr/share/texmf-texlive/tex/latex/base/t1enc.dfu
File: t1enc.dfu 2008/04/05 v1.1m UTF-8 support for inputenc
   defining Unicode char U+00A1 (decimal 161)
   defining Unicode char U+00A3 (decimal 163)
   defining Unicode char U+00AB (decimal 171)
   defining Unicode char U+00BB (decimal 187)
   defining Unicode char U+00BF (decimal 191)
   defining Unicode char U+00C0 (decimal 192)
   defining Unicode char U+00C1 (decimal 193)
   defining Unicode char U+00C2 (decimal 194)
   defining Unicode char U+00C3 (decimal 195)
   defining Unicode char U+00C4 (decimal 196)
   defining Unicode char U+00C5 (decimal 197)
   defining Unicode char U+00C6 (decimal 198)
   defining Unicode char U+00C7 (decimal 199)
   defining Unicode char U+00C8 (decimal 200)
   defining Unicode char U+00C9 (decimal 201)
   defining Unicode char U+00CA (decimal 202)
   defining Unicode char U+00CB (decimal 203)
   defining Unicode char U+00CC (decimal 204)
   defining Unicode char U+00CD (decimal 205)
   defining Unicode char U+00CE (decimal 206)
   defining Unicode char U+00CF (decimal 207)
   defining Unicode char U+00D0 (decimal 208)
   defining Unicode char U+00D1 (decimal 209)
   defining Unicode char U+00D2 (decimal 210)
   defining Unicode char U+00D3 (decimal 211)
   defining Unicode char U+00D4 (decimal 212)
   defining Unicode char U+00D5 (decimal 213)
   defining Unicode char U+00D6 (decimal 214)
   defining Unicode char U+00D8 (decimal 216)
   defining Unicode char U+00D9 (decimal 217)
   defining Unicode char U+00DA (decimal 218)
   defining Unicode char U+00DB (decimal 219)
   defining Unicode char U+00DC (decimal 220)
   defining Unicode char U+00DD (decimal 221)
   defining Unicode char U+00DE (decimal 222)
   defining Unicode char U+00DF (decimal 223)
   defining Unicode char U+00E0 (decimal 224)
   defining Unicode char U+00E1 (decimal 225)
   defining Unicode char U+00E2 (decimal 226)
   defining Unicode char U+00E3 (decimal 227)
   defining Unicode char U+00E4 (decimal 228)
   defining Unicode char U+00E5 (decimal 229)
   defining Unicode char U+00E6 (decimal 230)
   defining Unicode char U+00E7 (decimal 231)
   defining Unicode char U+00E8 (decimal 232)
   defining Unicode char U+00E9 (decimal 233)
   defining Unicode char U+00EA (decimal 234)
   defining Unicode char U+00EB (decimal 235)
   defining Unicode char U+00EC (decimal 236)
   defining Unicode char U+00ED (decimal 237)
   defining Unicode char U+00EE (decimal 238)
   defining Unicode char U+00EF (decimal 239)
   defining Unicode char U+00F0 (decimal 240)
   defining Unicode char U+00F1 (decimal 241)
   defining Unicode char U+00F2 (decimal 242)
   defining Unicode char U+00F3 (decimal 243)
   defining Unicode char U+00F4 (decimal 244)
   defining Unicode char U+00F5 (decimal 245)
   defining Unicode char U+00F6 (decimal 246)
   defining Unicode char U+00F8 (decimal 248)
   defining Unicode char U+00F9 (decimal 249)
   defining Unicode char U+00FA (decimal 250)
   defining Unicode char U+00FB (decimal 251)
   defining Unicode char U+00FC (decimal 252)
   defining Unicode char U+00FD (decimal 253)
   defining Unicode char U+00FE (decimal 254)
   defining Unicode char U+00FF (decimal 255)
   defining Unicode char U+0102 (decimal 258)
   defining Unicode char U+0103 (decimal 259)
   defining Unicode char U+0104 (decimal 260)
   defining Unicode char U+0105 (decimal 261)
   defining Unicode char U+0106 (decimal 262)
   defining Unicode char U+0107 (decimal 263)
   defining Unicode char U+010C (decimal 268)
   defining Unicode char U+010D (decimal 269)
   defining Unicode char U+010E (decimal 270)
   defining Unicode char U+010F (decimal 271)
   defining Unicode char U+0110 (decimal 272)
   defining Unicode char U+0111 (decimal 273)
   defining Unicode char U+0118 (decimal 280)
   defining Unicode char U+0119 (decimal 281)
   defining Unicode char U+011A (decimal 282)
   defining Unicode char U+011B (decimal 283)
   defining Unicode char U+011E (decimal 286)
   defining Unicode char U+011F (decimal 287)
   defining Unicode char U+0130 (decimal 304)
   defining Unicode char U+0131 (decimal 305)
   defining Unicode char U+0132 (decimal 306)
   defining Unicode char U+0133 (decimal 307)
   defining Unicode char U+0139 (decimal 313)
   defining Unicode char U+013A (decimal 314)
   defining Unicode char U+013D (decimal 317)
   defining Unicode char U+013E (decimal 318)
   defining Unicode char U+0141 (decimal 321)
   defining Unicode char U+0142 (decimal 322)
   defining Unicode char U+0143 (decimal 323)
   defining Unicode char U+0144 (decimal 324)
   defining Unicode char U+0147 (decimal 327)
   defining Unicode char U+0148 (decimal 328)
   defining Unicode char U+014A (decimal 330)
   defining Unicode char U+014B (decimal 331)
   defining Unicode char U+0150 (decimal 336)
   defining Unicode char U+0151 (decimal 337)
   defining Unicode char U+0152 (decimal 338)
   defining Unicode char U+0153 (decimal 339)
   defining Unicode char U+0154 (decimal 340)
   defining Unicode char U+0155 (decimal 341)
   defining Unicode char U+0158 (decimal 344)
   defining Unicode char U+0159 (decimal 345)
   defining Unicode char U+015A (decimal 346)
   defining Unicode char U+015B (decimal 347)
   defining Unicode char U+015E (decimal 350)
   defining Unicode char U+015F (decimal 351)
   defining Unicode char U+0160 (decimal 352)
   defining Unicode char U+0161 (decimal 353)
   defining Unicode char U+0162 (decimal 354)
   defining Unicode char U+0163 (decimal 355)
   defining Unicode char U+0164 (decimal 356)
   defining Unicode char U+0165 (decimal 357)
   defining Unicode char U+016E (decimal 366)
   defining Unicode char U+016F (decimal 367)
   defining Unicode char U+0170 (decimal 368)
   defining Unicode char U+0171 (decimal 369)
   defining Unicode char U+0178 (decimal 376)
   defining Unicode char U+0179 (decimal 377)
   defining Unicode char U+017A (decimal 378)
   defining Unicode char U+017B (decimal 379)
   defining Unicode char U+017C (decimal 380)
   defining Unicode char U+017D (decimal 381)
   defining Unicode char U+017E (decimal 382)
   defining Unicode char U+200C (decimal 8204)
   defining Unicode char U+2013 (decimal 8211)
   defining Unicode char U+2014 (decimal 8212)
   defining Unicode char U+2018 (decimal 8216)
   defining Unicode char U+2019 (decimal 8217)
   defining Unicode char U+201A (decimal 8218)
   defining Unicode char U+201C (decimal 8220)
   defining Unicode char U+201D (decimal 8221)
   defining Unicode char U+201E (decimal 8222)
   defining Unicode char U+2030 (decimal 8240)
   defining Unicode char U+2031 (decimal 8241)
   defining Unicode char U+2039 (decimal 8249)
   defining Unicode char U+203A (decimal 8250)
   defining Unicode char U+2423 (decimal 9251)
)
Now handling font encoding OT1 ...
... processing UTF-8 mapping file for font encoding OT1

(/usr/share/texmf-texlive/tex/latex/base/ot1enc.dfu
File: ot1enc.dfu 2008/04/05 v1.1m UTF-8 support for inputenc
   defining Unicode char U+00A1 (decimal 161)
   defining Unicode char U+00A3 (decimal 163)
   defining Unicode char U+00B8 (decimal 184)
   defining Unicode char U+00BF (decimal 191)
   defining Unicode char U+00C5 (decimal 197)
   defining Unicode char U+00C6 (decimal 198)
   defining Unicode char U+00D8 (decimal 216)
   defining Unicode char U+00DF (decimal 223)
   defining Unicode char U+00E6 (decimal 230)
   defining Unicode char U+00EC (decimal 236)
   defining Unicode char U+00ED (decimal 237)
   defining Unicode char U+00EE (decimal 238)
   defining Unicode char U+00EF (decimal 239)
   defining Unicode char U+00F8 (decimal 248)
   defining Unicode char U+0131 (decimal 305)
   defining Unicode char U+0141 (decimal 321)
   defining Unicode char U+0142 (decimal 322)
   defining Unicode char U+0152 (decimal 338)
   defining Unicode char U+0153 (decimal 339)
   defining Unicode char U+2013 (decimal 8211)
   defining Unicode char U+2014 (decimal 8212)
   defining Unicode char U+2018 (decimal 8216)
   defining Unicode char U+2019 (decimal 8217)
   defining Unicode char U+201C (decimal 8220)
   defining Unicode char U+201D (decimal 8221)
)
Now handling font encoding OMS ...
... processing UTF-8 mapping file for font encoding OMS

(/usr/share/texmf-texlive/tex/latex/base/omsenc.dfu
File: omsenc.dfu 2008/04/05 v1.1m UTF-8 support for inputenc
   defining Unicode char U+00A7 (decimal 167)
   defining Unicode char U+00B6 (decimal 182)
   defining Unicode char U+00B7 (decimal 183)
   defining Unicode char U+2020 (decimal 8224)
   defining Unicode char U+2021 (decimal 8225)
   defining Unicode char U+2022 (decimal 8226)
)
Now handling font encoding OMX ...
... no UTF-8 mapping file for font encoding OMX
Now handling font encoding U ...
... no UTF-8 mapping file for font encoding U
   defining Unicode char U+00A9 (decimal 169)
   defining Unicode char U+00AA (decimal 170)
   defining Unicode char U+00AE (decimal 174)
   defining Unicode char U+00BA (decimal 186)
   defining Unicode char U+02C6 (decimal 710)
   defining Unicode char U+02DC (decimal 732)
   defining Unicode char U+200C (decimal 8204)
   defining Unicode char U+2026 (decimal 8230)
   defining Unicode char U+2122 (decimal 8482)
   defining Unicode char U+2423 (decimal 9251)
))
(/usr/share/texmf-texlive/tex/latex/graphics/graphicx.sty
Package: graphicx 1999/02/16 v1.0f Enhanced LaTeX Graphics (DPC,SPQR)

(/usr/share/texmf-texlive/tex/latex/graphics/keyval.sty
Package: keyval 1999/03/16 v1.13 key=value parser (DPC)
\KV@toks@=\toks22
)
(/usr/share/texmf-texlive/tex/latex/graphics/graphics.sty
Package: graphics 2009/02/05 v1.0o Standard LaTeX Graphics (DPC,SPQR)

(/usr/share/texmf-texlive/tex/latex/graphics/trig.sty
Package: trig 1999/03/16 v1.09 sin cos tan (DPC)
)
(/etc/texmf/tex/latex/config/graphics.cfg
File: graphics.cfg 2009/08/28 v1.8 graphics configuration of TeX Live
)
Package graphics Info: Driver file: pdftex.def on input line 91.

(/usr/share/texmf-texlive/tex/latex/pdftex-def/pdftex.def
File: pdftex.def 2010/03/12 v0.04p Graphics/color for pdfTeX
\Gread@gobject=\count100
))
\Gin@req@height=\dimen113
\Gin@req@width=\dimen114
)
(/usr/share/texmf-texlive/tex/latex/hyperref/hyperref.sty
Package: hyperref 2009/10/09 v6.79a Hypertext links for LaTeX

(/usr/share/texmf-texlive/tex/generic/oberdiek/ifpdf.sty
Package: ifpdf 2009/04/10 v2.0 Provides the ifpdf switch (HO)
Package ifpdf Info: pdfTeX in pdf mode detected.
)
(/usr/share/texmf-texlive/tex/generic/oberdiek/ifvtex.sty
Package: ifvtex 2008/11/04 v1.4 Switches for detecting VTeX and its modes (HO)
Package ifvtex Info: VTeX not detected.
)
(/usr/share/texmf-texlive/tex/latex/oberdiek/hycolor.sty
Package: hycolor 2009/10/02 v1.5 Code for color options of hyperref/bookmark (H
O)

(/usr/share/texmf-texlive/tex/latex/oberdiek/xcolor-patch.sty
Package: xcolor-patch 2009/10/02 xcolor patch
))
\@linkdim=\dimen115
\Hy@linkcounter=\count101
\Hy@pagecounter=\count102

(/usr/share/texmf-texlive/tex/latex/hyperref/pd1enc.def
File: pd1enc.def 2009/10/09 v6.79a Hyperref: PDFDocEncoding definition (HO)
Now handling font encoding PD1 ...
... no UTF-8 mapping file for font encoding PD1
)
(/usr/share/texmf-texlive/tex/generic/oberdiek/etexcmds.sty
Package: etexcmds 2007/12/12 v1.2 Prefix for e-TeX command names (HO)

(/usr/share/texmf-texlive/tex/generic/oberdiek/infwarerr.sty
Package: infwarerr 2007/09/09 v1.2 Providing info/warning/message (HO)
)
Package etexcmds Info: Could not find \expanded.
(etexcmds)             That can mean that you are not using pdfTeX 1.50 or
(etexcmds)             that some package has redefined \expanded.
(etexcmds)             In the latter case, load this package earlier.
)
(/usr/share/texmf-texlive/tex/latex/latexconfig/hyperref.cfg
File: hyperref.cfg 2002/06/06 v1.2 hyperref configuration of TeXLive
)
(/usr/share/texmf-texlive/tex/latex/oberdiek/kvoptions.sty
Package: kvoptions 2009/08/13 v3.4 Keyval support for LaTeX options (HO)

(/usr/share/texmf-texlive/tex/generic/oberdiek/kvsetkeys.sty
Package: kvsetkeys 2009/07/30 v1.5 Key value parser with default handler suppor
t (HO)
))
Package hyperref Info: Option `unicode' set `true' on input line 2864.

(/usr/share/texmf-texlive/tex/latex/hyperref/puenc.def
File: puenc.def 2009/10/09 v6.79a Hyperref: PDF Unicode definition (HO)
Now handling font encoding PU ...
... no UTF-8 mapping file for font encoding PU
)
Package hyperref Info: Option `colorlinks' set `true' on input line 2864.
Package hyperref Info: Hyper figures OFF on input line 2975.
Package hyperref Info: Link nesting OFF on input line 2980.
Package hyperref Info: Hyper index ON on input line 2983.
Package hyperref Info: Plain pages OFF on input line 2990.
Package hyperref Info: Backreferencing OFF on input line 2995.

Implicit mode ON; LaTeX internals redefined
Package hyperref Info: Bookmarks ON on input line 3191.
(/usr/share/texmf-texlive/tex/latex/ltxmisc/url.sty
\Urlmuskip=\muskip11
Package: url 2006/04/12  ver 3.3  Verb mode for urls, etc.
)
LaTeX Info: Redefining \url on input line 3428.

(/usr/share/texmf-texlive/tex/generic/oberdiek/bitset.sty
Package: bitset 2007/09/28 v1.0 Data type bit set (HO)

(/usr/share/texmf-texlive/tex/generic/oberdiek/intcalc.sty
Package: intcalc 2007/09/27 v1.1 Expandable integer calculations (HO)
)
(/usr/share/texmf-texlive/tex/generic/oberdiek/bigintcalc.sty
Package: bigintcalc 2007/11/11 v1.1 Expandable big integer calculations (HO)

(/usr/share/texmf-texlive/tex/generic/oberdiek/pdftexcmds.sty
Package: pdftexcmds 2009/09/23 v0.6 LuaTeX support for pdfTeX utility functions
 (HO)

(/usr/share/texmf-texlive/tex/generic/oberdiek/ltxcmds.sty
Package: ltxcmds 2009/08/05 v1.0 Some LaTeX kernel commands for general use (HO
)
)
Package pdftexcmds Info: LuaTeX not detected.
Package pdftexcmds Info: \pdf@primitive is available.
Package pdftexcmds Info: \pdf@ifprimitive is available.
)))
\Fld@menulength=\count103
\Field@Width=\dimen116
\Fld@charsize=\dimen117
\Field@toks=\toks23
Package hyperref Info: Hyper figures OFF on input line 4377.
Package hyperref Info: Link nesting OFF on input line 4382.
Package hyperref Info: Hyper index ON on input line 4385.
Package hyperref Info: backreferencing OFF on input line 4392.
Package hyperref Info: Link coloring ON on input line 4395.
Package hyperref Info: Link coloring with OCG OFF on input line 4402.
Package hyperref Info: PDF/A mode OFF on input line 4407.

(/usr/share/texmf-texlive/tex/generic/oberdiek/atbegshi.sty
Package: atbegshi 2008/07/31 v1.9 At begin shipout hook (HO)
)
\Hy@abspage=\count104
\c@Item=\count105
\c@Hfootnote=\count106
)
*hyperref using default driver hpdftex*
(/usr/share/texmf-texlive/tex/latex/hyperref/hpdftex.def
File: hpdftex.def 2009/10/09 v6.79a Hyperref driver for pdfTeX
\Fld@listcount=\count107
)
Package hyperref Info: Option `breaklinks' set `true' on input line 37.
 (target/main.aux)
\openout1 = `main.aux'.

LaTeX Font Info:    Checking defaults for OML/cmm/m/it on input line 43.
LaTeX Font Info:    ... okay on input line 43.
LaTeX Font Info:    Checking defaults for T1/cmr/m/n on input line 43.
LaTeX Font Info:    ... okay on input line 43.
LaTeX Font Info:    Checking defaults for OT1/cmr/m/n on input line 43.
LaTeX Font Info:    ... okay on input line 43.
LaTeX Font Info:    Checking defaults for OMS/cmsy/m/n on input line 43.
LaTeX Font Info:    ... okay on input line 43.
LaTeX Font Info:    Checking defaults for OMX/cmex/m/n on input line 43.
LaTeX Font Info:    ... okay on input line 43.
LaTeX Font Info:    Checking defaults for U/cmr/m/n on input line 43.
LaTeX Font Info:    ... okay on input line 43.
LaTeX Font Info:    Checking defaults for PD1/pdf/m/n on input line 43.
LaTeX Font Info:    ... okay on input line 43.
LaTeX Font Info:    Checking defaults for PU/pdf/m/n on input line 43.
LaTeX Font Info:    ... okay on input line 43.

(/usr/share/texmf-texlive/tex/context/base/supp-pdf.mkii
[Loading MPS to PDF converter (version 2006.09.02).]
\scratchcounter=\count108
\scratchdimen=\dimen118
\scratchbox=\box28
\nofMPsegments=\count109
\nofMParguments=\count110
\everyMPshowfont=\toks24
\MPscratchCnt=\count111
\MPscratchDim=\dimen119
\MPnumerator=\count112
\everyMPtoPDFconversion=\toks25
) (/usr/share/texmf-texlive/tex/latex/graphics/color.sty
Package: color 2005/11/14 v1.0j Standard LaTeX Color (DPC)

(/etc/texmf/tex/latex/config/color.cfg
File: color.cfg 2007/01/18 v1.5 color configuration of teTeX/TeXLive
)
Package color Info: Driver file: pdftex.def on input line 130.
)
Package hyperref Info: Link coloring ON on input line 43.

(/usr/share/texmf-texlive/tex/latex/hyperref/nameref.sty
Package: nameref 2007/05/29 v2.31 Cross-referencing by name of section

(/usr/share/texmf-texlive/tex/latex/oberdiek/refcount.sty
Package: refcount 2008/08/11 v3.1 Data extraction from references (HO)
)
\c@section@level=\count113
)
LaTeX Info: Redefining \ref on input line 43.
LaTeX Info: Redefining \pageref on input line 43.
 (target/main.out)
(target/main.out)
\@outlinefile=\write3
\openout3 = `main.out'.

\AtBeginShipoutBox=\box29
 [1

{/var/lib/texmf/fonts/map/pdftex/updmap/pdftex.map}]
(target/main.toc
LaTeX Font Info:    Try loading font information for U+msa on input line 4.
 (/usr/share/texmf-texlive/tex/latex/amsfonts/umsa.fd
File: umsa.fd 2009/06/22 v3.00 AMS symbols A
)
LaTeX Font Info:    Try loading font information for U+msb on input line 4.

(/usr/share/texmf-texlive/tex/latex/amsfonts/umsb.fd
File: umsb.fd 2009/06/22 v3.00 AMS symbols B
)pdfTeX warning (ext4): destination with the same identifier (name{page.1}) has
 been already used, duplicate ignored
<to be read again> 
                   \relax 
l.31 ...12/03/13 Iris Detection.}{28}{section*.31}
                                                   [1])
\tf@toc=\write4
\openout4 = `main.toc'.

 (./csp.tex
<pics/houghtransform.png, id=190, 1289.81876pt x 500.87125pt>
File: pics/houghtransform.png Graphic file (type png)

<use pics/houghtransform.png> [2 <./pics/houghtransform.png (PNG copy)>]
[3] [4] <pics/threshold_good.png, id=211, 1275.76625pt x 562.1pt>
File: pics/threshold_good.png Graphic file (type png)

<use pics/threshold_good.png>
<pics/threshold_low.png, id=214, 1293.83376pt x 568.1225pt>
File: pics/threshold_low.png Graphic file (type png)

<use pics/threshold_low.png>
<pics/threshold_high.png, id=215, 1301.86375pt x 552.0625pt>
File: pics/threshold_high.png Graphic file (type png)

<use pics/threshold_high.png> [5 <./pics/threshold_good.png (PNG copy)> <./pics
/threshold_low.png (PNG copy)>]
<pics/threshold_contours.png, id=224, 1080.035pt x 567.11874pt>
File: pics/threshold_contours.png Graphic file (type png)

<use pics/threshold_contours.png> [6 <./pics/threshold_high.png (PNG copy)> <./
pics/threshold_contours.png (PNG copy)>]
<pics/glintsthr.png, id=231, 1074.0125pt x 569.12625pt>
File: pics/glintsthr.png Graphic file (type png)

<use pics/glintsthr.png> [7 <./pics/glintsthr.png (PNG copy)>]
Overfull \hbox (337.49405pt too wide) in paragraph at lines 243--243
[]        \OT1/cmtt/m/n/10 if (Distance(candA[0],candB[0])> sliderVals['glintMi
nDist'] and Distance(candA[0],candB[0]) < sliderVals['glintMaxDist']):[] 
 []


Overfull \hbox (116.99597pt too wide) in paragraph at lines 243--243
[]\OT1/cmtt/m/n/10 #run through the remaining glints, keeping those that are cl
ose to the pupil candidates.[] 
 []


Overfull \hbox (442.49313pt too wide) in paragraph at lines 243--243
[]            \OT1/cmtt/m/n/10 if(Distance(glintCand[0],pupCand[0])>sliderVals[
'glint&pubMINDist'] and Distance(glintCand[0],pupCand[0])<sliderVals['glint&pub
MAXDist']):[] 
 []


Overfull \hbox (106.49606pt too wide) in paragraph at lines 243--243
[]\OT1/cmtt/m/n/10 #run through the pupil candidates keeping those that are clo
se to the fina glints list[] 
 []


Overfull \hbox (400.4935pt too wide) in paragraph at lines 243--243
[]        \OT1/cmtt/m/n/10 if(Distance(candP[0],glintCand[0])>sliderVals['glint
&pubMINDist'] and Distance(candP[0],glintCand[0])<sliderVals['glint&pubMAXDist'
]):[] 
 []

[8] [9] <pics/kmeans.png, id=245, 59.22125pt x 57.21375pt>
File: pics/kmeans.png Graphic file (type png)

<use pics/kmeans.png>

LaTeX Warning: Reference `kmeans' on page 10 undefined on input line 356.

) (./template_matching.tex [10 <./pics/kmeans.png (PNG copy)>] [11]
Overfull \hbox (27.74675pt too wide) in paragraph at lines 113--113
[]\OT1/cmtt/m/n/10 def GetEyeCorners(img, leftTemplate, rightTemplate,pupilPosi
tion=None):[] 
 []


Overfull \hbox (80.24629pt too wide) in paragraph at lines 113--113
[]    \OT1/cmtt/m/n/10 #The method parameters are: the image, templates and opt
ional pupil position.[] 
 []


Overfull \hbox (32.9967pt too wide) in paragraph at lines 113--113
[]    \OT1/cmtt/m/n/10 matchLeft = cv2.matchTemplate(img,leftTemplate,cv2.TM_CC
OEFF_NORMED)[] 
 []


Overfull \hbox (43.49661pt too wide) in paragraph at lines 113--113
[]    \OT1/cmtt/m/n/10 matchRight = cv2.matchTemplate(img,rightTemplate,cv2.TM_
CCOEFF_NORMED)[] 
 []


Overfull \hbox (300.74437pt too wide) in paragraph at lines 113--113
[]    \OT1/cmtt/m/n/10 #The openCV library allows use of different matching met
hods. Here we use COOEFF_NORMED = normalized cross corellation.[] 
 []


Overfull \hbox (127.49588pt too wide) in paragraph at lines 113--113
[]        \OT1/cmtt/m/n/10 #If the pupil position is set, slice the image in tw
o halfs at the pupil position.[] 
 []


Overfull \hbox (64.49643pt too wide) in paragraph at lines 113--113
[]    \OT1/cmtt/m/n/10 matchListRight = np.nonzero(matchRight > (sliderVals['te
mplateThr']*0.01))[] 
 []


Overfull \hbox (59.24648pt too wide) in paragraph at lines 113--113
[]    \OT1/cmtt/m/n/10 matchListLeft =  np.nonzero(matchLeft > (sliderVals['tem
plateThr']*0.01))[] 
 []

[12] <pics/template_matching/1.png, id=265, 1278.7775pt x 961.5925pt>
File: pics/template_matching/1.png Graphic file (type png)

<use pics/template_matching/1.png>
<pics/template_matching/2.png, id=267, 1286.8075pt x 961.5925pt>
File: pics/template_matching/2.png Graphic file (type png)

<use pics/template_matching/2.png>
<pics/template_matching/3.png, id=269, 1280.785pt x 963.6pt>
File: pics/template_matching/3.png Graphic file (type png)

<use pics/template_matching/3.png> [13 <./pics/template_matching/1.png (PNG cop
y)>] [14 <./pics/template_matching/2.png (PNG copy)>]
<pics/template_matching/4.png, id=281, 1278.7775pt x 965.6075pt>
File: pics/template_matching/4.png Graphic file (type png)

<use pics/template_matching/4.png>
<pics/template_matching/5.png, id=283, 1284.8pt x 967.615pt>
File: pics/template_matching/5.png Graphic file (type png)

<use pics/template_matching/5.png>
<pics/template_matching/6.png, id=285, 1278.7775pt x 967.615pt>
File: pics/template_matching/6.png Graphic file (type png)

<use pics/template_matching/6.png> [15 <./pics/template_matching/3.png (PNG cop
y)>] [16 <./pics/template_matching/4.png (PNG copy)>] [17 <./pics/template_matc
hing/5.png (PNG copy)>] [18 <./pics/template_matching/6.png (PNG copy)>])
(./bladt.tex [19]
LaTeX Font Info:    Try loading font information for OMS+cmr on input line 11.
 (/usr/share/texmf-texlive/tex/latex/base/omscmr.fd
File: omscmr.fd 1999/05/25 v2.5h Standard LaTeX font definitions
)
LaTeX Font Info:    Font shape `OMS/cmr/m/n' in size <10> not available
(Font)              Font shape `OMS/cmsy/m/n' tried instead on input line 11.

<pics/iris_threshold.png, id=312, 1277.77374pt x 479.7925pt>
File: pics/iris_threshold.png Graphic file (type png)

<use pics/iris_threshold.png>
<pics/normallines_with_maxima_vs_gradient.png, id=314, 1274.7625pt x 471.7625pt
>
File: pics/normallines_with_maxima_vs_gradient.png Graphic file (type png)
 <use pics/normallines_with_maxima_vs_gradient.png> [20 <./pics/iris_threshold.
png (PNG copy)>] [21 <./pics/normallines_with_maxima_vs_gradient.png>])
(./hough.tex <pics/hough/1.jpg, id=328, 765.86125pt x 336.25626pt>
File: pics/hough/1.jpg Graphic file (type jpg)

<use pics/hough/1.jpg> <pics/hough/2.png, id=331, 1228.59pt x 574.145pt>
File: pics/hough/2.png Graphic file (type png)

<use pics/hough/2.png> [22] [23 <./pics/hough/1.jpg> <./pics/hough/2.png (PNG c
opy)>] <pics/hough/3.png, id=343, 1282.7925pt x 1011.78pt>
File: pics/hough/3.png Graphic file (type png)

<use pics/hough/3.png> <pics/hough/4.png, id=344, 1280.785pt x 961.5925pt>
File: pics/hough/4.png Graphic file (type png)

<use pics/hough/4.png> <pics/hough/5.png, id=345, 2129.9575pt x 939.51pt>
File: pics/hough/5.png Graphic file (type png)

<use pics/hough/5.png> [24 <./pics/hough/3.png (PNG copy)>] [25 <./pics/hough/4
.png (PNG copy)> <./pics/hough/5.png (PNG copy)>]
<pics/hough/6.png, id=357, 513.92pt x 321.2pt>
File: pics/hough/6.png Graphic file (type png)
 <use pics/hough/6.png> [26 <./pics/hough/6.png (PNG copy)>]
Overfull \hbox (820.48984pt too wide) in paragraph at lines 159--159
[]    \OT1/cmtt/m/n/10 #The image is blurred to remove noise, that could potent
ially create gradiants where there are no edge. Its a fine line though, as the 
blurring potentially could make it harder to find the edges we're trying to loc
ate.[] 
 []


Overfull \hbox (22.4968pt too wide) in paragraph at lines 159--159
[]    \OT1/cmtt/m/n/10 #This is so we can adjust the min/max radius for accepte
d circles.[] 
 []


Overfull \hbox (190.49533pt too wide) in paragraph at lines 159--159
[]    \OT1/cmtt/m/n/10 #This determines the resolution of the Hough-space and t
he minimum distance between found circles.[] 
 []


Overfull \hbox (153.74565pt too wide) in paragraph at lines 159--159
[]    \OT1/cmtt/m/n/10 #As the Cv2 uses canny edge detection, this sets the thr
eshold for accepting \line" pixels.[] 
 []


Overfull \hbox (106.49606pt too wide) in paragraph at lines 159--159
[]    \OT1/cmtt/m/n/10 #Determins how many votes that a circle should receive t
o be accepted (and drawn).[] 
 []


Overfull \hbox (368.99377pt too wide) in paragraph at lines 159--159
[]        \OT1/cmtt/m/n/10 circles = cv2.HoughCircles(blur,cv2.cv.CV_HOUGH_GRAD
IENT, dp,minDist,                 None, highThr,accThr,minRadius, maxRadius)[] 

 []


Overfull \hbox (27.74675pt too wide) in paragraph at lines 159--159
[]    \OT1/cmtt/m/n/10 #The actual cv2 method that uses all the parameters just
 explained.[] 
 []


Overfull \hbox (158.9956pt too wide) in paragraph at lines 159--159
[]    \OT1/cmtt/m/n/10 #The rest is just drawing the circles (drawing a red cir
cle for the circle with most votes.)[] 
 []


Overfull \hbox (106.49606pt too wide) in paragraph at lines 159--159
[]                \OT1/cmtt/m/n/10 cv2.circle(gColor, (int(c[0]),int(c[1])),c[2
], (int(k*255/M),k*128,0))[] 
 []


Overfull \hbox (90.7462pt too wide) in paragraph at lines 159--159
[]                        \OT1/cmtt/m/n/10 cv2.circle(gColor, (int(c[0]),int(c[
1])),c[2], (0,0,255),5)[] 
 []

<pics/hough/7.png, id=364, 1274.7625pt x 969.6225pt>
File: pics/hough/7.png Graphic file (type png)
 <use pics/hough/7.png>
[27] <pics/hough/8.png, id=369, 1274.7625pt x 967.615pt>
File: pics/hough/8.png Graphic file (type png)

<use pics/hough/8.png> <pics/hough/9.png, id=370, 1276.77pt x 963.6pt>
File: pics/hough/9.png Graphic file (type png)

<use pics/hough/9.png> <pics/hough/10.png, id=371, 1278.7775pt x 965.6075pt>
File: pics/hough/10.png Graphic file (type png)

<use pics/hough/10.png> <pics/hough/11.png, id=372, 1278.7775pt x 969.6225pt>
File: pics/hough/11.png Graphic file (type png)

<use pics/hough/11.png> <pics/hough/12.png, id=373, 1282.7925pt x 957.5775pt>
File: pics/hough/12.png Graphic file (type png)

<use pics/hough/12.png> <pics/hough/13.png, id=374, 1282.7925pt x 961.5925pt>
File: pics/hough/13.png Graphic file (type png)

<use pics/hough/13.png> <pics/hough/14.png, id=375, 1272.755pt x 939.51pt>
File: pics/hough/14.png Graphic file (type png)

<use pics/hough/14.png> <pics/hough/15.png, id=376, 1260.71pt x 953.5625pt>
File: pics/hough/15.png Graphic file (type png)

<use pics/hough/15.png> <pics/hough/16.png, id=377, 1282.7925pt x 969.6225pt>
File: pics/hough/16.png Graphic file (type png)

<use pics/hough/16.png> [28 <./pics/hough/7.png (PNG copy)>] [29 <./pics/hough/
8.png (PNG copy)>] [30 <./pics/hough/9.png (PNG copy)>] [31 <./pics/hough/10.pn
g (PNG copy)>] [32 <./pics/hough/11.png (PNG copy)>] [33 <./pics/hough/12.png (
PNG copy)>] [34 <./pics/hough/13.png (PNG copy)>] [35 <./pics/hough/14.png (PNG
 copy)>] [36 <./pics/hough/15.png (PNG copy)>] [37 <./pics/hough/16.png (PNG co
py)>]) [38] [39] (target/main.aux)

LaTeX Warning: There were undefined references.

 ) 
Here is how much of TeX's memory you used:
 7152 strings out of 493848
 94404 string characters out of 1152823
 169916 words of memory out of 3000000
 10181 multiletter control sequences out of 15000+50000
 7977 words of font info for 31 fonts, out of 3000000 for 9000
 714 hyphenation exceptions out of 8191
 38i,6n,39p,462b,433s stack positions out of 5000i,500n,10000p,200000b,50000s
</usr/share/texmf-texlive/fonts/type1/public/amsfonts/cm/cmbx10.pfb></usr/sha
re/texmf-texlive/fonts/type1/public/amsfonts/cm/cmbx12.pfb></usr/share/texmf-te
xlive/fonts/type1/public/amsfonts/cm/cmex10.pfb></usr/share/texmf-texlive/fonts
/type1/public/amsfonts/cmextra/cmex7.pfb></usr/share/texmf-texlive/fonts/type1/
public/amsfonts/cm/cmmi10.pfb></usr/share/texmf-texlive/fonts/type1/public/amsf
onts/cm/cmmi5.pfb></usr/share/texmf-texlive/fonts/type1/public/amsfonts/cm/cmmi
7.pfb></usr/share/texmf-texlive/fonts/type1/public/amsfonts/cm/cmr10.pfb></usr/
share/texmf-texlive/fonts/type1/public/amsfonts/cm/cmr5.pfb></usr/share/texmf-t
exlive/fonts/type1/public/amsfonts/cm/cmr7.pfb></usr/share/texmf-texlive/fonts/
type1/public/amsfonts/cm/cmsy10.pfb></usr/share/texmf-texlive/fonts/type1/publi
c/amsfonts/cm/cmsy7.pfb></usr/share/texmf-texlive/fonts/type1/public/amsfonts/c
m/cmti10.pfb></usr/share/texmf-texlive/fonts/type1/public/amsfonts/cm/cmtt10.pf
b>
Output written on target/main.pdf (40 pages, 19997309 bytes).
PDF statistics:
 508 PDF objects out of 1000 (max. 8388607)
 107 named destinations out of 1000 (max. 500000)
 436 words of extra memory for PDF output out of 10000 (max. 10000000)

