\BOOKMARK [1][-]{section*.2}{\376\377\000I\000n\000t\000r\000o\000d\000u\000c\000t\000i\000o\000n}{}
\BOOKMARK [1][-]{section*.3}{\376\377\000P\000u\000p\000i\000l\000\040\000d\000e\000t\000e\000c\000t\000i\000o\000n}{}
\BOOKMARK [2][-]{section*.4}{\376\377\000O\000v\000e\000r\000a\000l\000l\000\040\000r\000a\000t\000i\000o\000n\000a\000l\000e\000\040\000a\000n\000d\000\040\000t\000h\000e\000o\000r\000y}{section*.3}
\BOOKMARK [2][-]{section*.5}{\376\377\000T\000h\000r\000e\000s\000h\000o\000l\000d\000i\000n\000g}{section*.3}
\BOOKMARK [3][-]{section*.6}{\376\377\000T\000h\000e\000o\000r\000y}{section*.5}
\BOOKMARK [3][-]{section*.7}{\376\377\000O\000u\000r\000\040\000i\000m\000p\000l\000e\000m\000e\000n\000t\000a\000t\000i\000o\000n}{section*.5}
\BOOKMARK [2][-]{section*.8}{\376\377\000P\000i\000x\000e\000l\000\040\000c\000l\000a\000s\000s\000i\000f\000i\000c\000a\000t\000i\000o\000n}{section*.3}
\BOOKMARK [3][-]{section*.9}{\376\377\000T\000h\000e\000o\000r\000y}{section*.8}
\BOOKMARK [3][-]{section*.10}{\376\377\000O\000u\000r\000\040\000i\000m\000p\000l\000e\000m\000e\000n\000t\000a\000t\000i\000o\000n}{section*.8}
\BOOKMARK [3][-]{section*.11}{\376\377\000U\000s\000e\000f\000u\000l\000n\000e\000s\000s\000\040\000o\000f\000\040\000t\000h\000e\000\040\000k\000-\000M\000e\000a\000n\000s\000\040\000a\000l\000g\000o\000r\000i\000t\000h\000m}{section*.8}
\BOOKMARK [1][-]{section*.12}{\376\377\000T\000e\000m\000p\000l\000a\000t\000e\000\040\000M\000a\000t\000c\000h\000i\000n\000g}{}
\BOOKMARK [2][-]{section*.13}{\376\377\000M\000a\000i\000n\000\040\000T\000h\000e\000o\000r\000y\000:\000\040\000U\000s\000e\000\040\000f\000i\000l\000t\000e\000r\000i\000n\000g\000\040\000m\000e\000t\000h\000o\000d\000s}{section*.12}
\BOOKMARK [3][-]{section*.14}{\376\377\000C\000o\000r\000r\000e\000l\000a\000t\000i\000o\000n}{section*.13}
\BOOKMARK [2][-]{section*.15}{\376\377\000O\000u\000r\000\040\000R\000e\000s\000u\000l\000t\000s\000:\000\040\000\050\000A\000l\000s\000o\000\040\000s\000e\000e\000\040\000v\000i\000d\000e\000o\000\051}{section*.12}
\BOOKMARK [3][-]{section*.16}{\376\377\000T\000e\000s\000t\000\040\0001\000\040\000-\000\040\000U\000n\000k\000n\000o\000w\000n\000\040\000S\000u\000b\000j\000e\000c\000t\000.}{section*.15}
\BOOKMARK [3][-]{section*.17}{\376\377\000T\000e\000s\000t\000\040\0002\000\040\000-\000\040\000Y\000o\000u\000n\000g\000\040\000M\000a\000s\000t\000e\000r\000\040\000G\000h\000u\000r\000t\000\040\000-\000\040\000r\000e\000c\000o\000r\000d\000e\000d\000\040\000t\000u\000e\000s\000d\000a\000y\000\040\0001\0002\000/\0000\0003\000/\0001\0003}{section*.15}
\BOOKMARK [2][-]{section*.18}{\376\377\000C\000o\000n\000c\000l\000u\000d\000i\000n\000g\000\040\000o\000n\000\040\000t\000h\000e\000\040\000r\000e\000s\000u\000l\000t\000s\000\040\000a\000n\000d\000\040\000i\000m\000p\000r\000o\000v\000i\000n\000g\000\040\000t\000h\000e\000\040\000m\000e\000t\000h\000o\000d\000:}{section*.12}
\BOOKMARK [1][-]{section*.19}{\376\377\000H\000o\000u\000g\000h\000\040\000T\000r\000a\000n\000s\000f\000o\000r\000m\000a\000t\000i\000o\000n}{}
\BOOKMARK [2][-]{section*.20}{\376\377\000M\000a\000i\000n\000\040\000T\000h\000e\000o\000r\000y\000:}{section*.19}
\BOOKMARK [3][-]{section*.21}{\376\377\000H\000o\000w\000\040\000d\000o\000e\000s\000\040\000i\000t\000\040\000w\000o\000r\000k\000?}{section*.20}
\BOOKMARK [2][-]{section*.22}{\376\377\000P\000o\000l\000a\000r\000\040\000r\000e\000p\000r\000e\000s\000e\000n\000t\000a\000t\000i\000o\000n}{section*.19}
\BOOKMARK [2][-]{section*.23}{\376\377\000H\000o\000u\000g\000h\000\040\000C\000i\000r\000c\000l\000e\000\040\000T\000r\000a\000n\000s\000f\000o\000r\000m\000:}{section*.19}
\BOOKMARK [2][-]{section*.24}{\376\377\000O\000u\000r\000\040\000R\000e\000s\000u\000l\000t\000s}{section*.19}
\BOOKMARK [3][-]{section*.25}{\376\377\000T\000e\000s\000t\000\040\0001\000.\000\040\000U\000n\000k\000n\000o\000w\000n\000\040\000s\000u\000b\000j\000e\000c\000t\000\040\000c\000l\000o\000s\000e\000u\000p\000.}{section*.24}
\BOOKMARK [3][-]{section*.26}{\376\377\000T\000e\000s\000t\000\040\0002\000.\000\040\000Y\000o\000u\000n\000g\000\040\000M\000a\000s\000t\000e\000r\000\040\000R\000o\000e\000d\000\040\000r\000e\000c\000o\000r\000d\000e\000d\000\040\0001\0002\000/\0000\0003\000/\0001\0003\000\040\000P\000u\000p\000i\000l\000\040\000D\000e\000t\000e\000c\000t\000i\000o\000n\000.}{section*.24}
\BOOKMARK [3][-]{section*.27}{\376\377\000T\000e\000s\000t\000\040\0003\000.\000\040\000Y\000o\000u\000n\000g\000\040\000M\000a\000s\000t\000e\000r\000\040\000R\000o\000e\000d\000\040\000r\000e\000c\000o\000r\000d\000e\000d\000\040\0001\0002\000/\0000\0003\000/\0001\0003\000\040\000I\000r\000i\000s\000\040\000D\000e\000t\000e\000c\000t\000i\000o\000n\000.}{section*.24}
\BOOKMARK [2][-]{section*.28}{\376\377\000O\000u\000r\000\040\000I\000m\000p\000r\000e\000s\000s\000i\000o\000n\000s\000\040\000o\000f\000\040\000t\000h\000e\000\040\000t\000e\000c\000h\000n\000i\000q\000u\000e\000:}{section*.19}
\BOOKMARK [3][-]{section*.29}{\376\377\000W\000h\000e\000n\000\040\000d\000o\000e\000s\000\040\000i\000t\000\040\000w\000o\000r\000k\000?}{section*.28}
\BOOKMARK [3][-]{section*.30}{\376\377\000W\000h\000e\000n\000\040\000d\000o\000e\000s\000\040\000i\000t\000\040\000n\000o\000t\000\040\000w\000o\000r\000k\000?}{section*.28}
\BOOKMARK [2][-]{section*.31}{\376\377\000I\000m\000p\000r\000o\000v\000i\000n\000g\000\040\000t\000h\000e\000\040\000m\000e\000t\000h\000o\000d\000:}{section*.19}
\BOOKMARK [2][-]{section*.32}{\376\377\000C\000o\000n\000c\000l\000u\000s\000i\000o\000n\000:}{section*.19}
